[09:37:25] [main/ERROR] [FML]: Unable to determine registrant mod for nl.sandersimon.clonedetection.minecraft.EventHandler@7fac631b. This is a critical error and should be impossible
java.lang.Throwable: null
	at net.minecraftforge.fml.common.eventhandler.EventBus.register(EventBus.java:75) [forgeSrc-1.12.2-14.23.5.2768.jar:?]
	at nl.sandersimon.clonedetection.CloneDetection.init(CloneDetection.java:69) [bin/:?]
	at EditorTest2.test(EditorTest2.java:16) [bin/:?]
	at sun.reflect.NativeMethodAccessorImpl.invoke0(Native Method) ~[?:1.8.0_192]
	at sun.reflect.NativeMethodAccessorImpl.invoke(NativeMethodAccessorImpl.java:62) ~[?:1.8.0_192]
	at sun.reflect.DelegatingMethodAccessorImpl.invoke(DelegatingMethodAccessorImpl.java:43) ~[?:1.8.0_192]
	at java.lang.reflect.Method.invoke(Method.java:498) ~[?:1.8.0_192]
	at org.junit.runners.model.FrameworkMethod$1.runReflectiveCall(FrameworkMethod.java:50) [rascal-0.11.0.jar:?]
	at org.junit.internal.runners.model.ReflectiveCallable.run(ReflectiveCallable.java:12) [rascal-0.11.0.jar:?]
	at org.junit.runners.model.FrameworkMethod.invokeExplosively(FrameworkMethod.java:47) [rascal-0.11.0.jar:?]
	at org.junit.internal.runners.statements.InvokeMethod.evaluate(InvokeMethod.java:17) [rascal-0.11.0.jar:?]
	at org.junit.runners.ParentRunner.runLeaf(ParentRunner.java:325) [rascal-0.11.0.jar:?]
	at org.junit.runners.BlockJUnit4ClassRunner.runChild(BlockJUnit4ClassRunner.java:78) [rascal-0.11.0.jar:?]
	at org.junit.runners.BlockJUnit4ClassRunner.runChild(BlockJUnit4ClassRunner.java:57) [rascal-0.11.0.jar:?]
	at org.junit.runners.ParentRunner$3.run(ParentRunner.java:290) [rascal-0.11.0.jar:?]
	at org.junit.runners.ParentRunner$1.schedule(ParentRunner.java:71) [rascal-0.11.0.jar:?]
	at org.junit.runners.ParentRunner.runChildren(ParentRunner.java:288) [rascal-0.11.0.jar:?]
	at org.junit.runners.ParentRunner.access$000(ParentRunner.java:58) [rascal-0.11.0.jar:?]
	at org.junit.runners.ParentRunner$2.evaluate(ParentRunner.java:268) [rascal-0.11.0.jar:?]
	at org.junit.runners.ParentRunner.run(ParentRunner.java:363) [rascal-0.11.0.jar:?]
	at org.eclipse.jdt.internal.junit4.runner.JUnit4TestReference.run(JUnit4TestReference.java:89) [.cp/:?]
	at org.eclipse.jdt.internal.junit.runner.TestExecution.run(TestExecution.java:41) [.cp/:?]
	at org.eclipse.jdt.internal.junit.runner.RemoteTestRunner.runTests(RemoteTestRunner.java:541) [.cp/:?]
	at org.eclipse.jdt.internal.junit.runner.RemoteTestRunner.runTests(RemoteTestRunner.java:763) [.cp/:?]
	at org.eclipse.jdt.internal.junit.runner.RemoteTestRunner.run(RemoteTestRunner.java:463) [.cp/:?]
	at org.eclipse.jdt.internal.junit.runner.RemoteTestRunner.main(RemoteTestRunner.java:209) [.cp/:?]
[09:37:25] [main/ERROR] [FML]: Error registering event handler: minecraft class net.minecraftforge.fml.common.gameevent.TickEvent$ClientTickEvent public void nl.sandersimon.clonedetection.minecraft.EventHandler.update(net.minecraftforge.fml.common.gameevent.TickEvent$ClientTickEvent)
java.lang.NoSuchMethodException: net.minecraftforge.fml.common.gameevent.TickEvent$ClientTickEvent.<init>()
	at java.lang.Class.getConstructor0(Class.java:3082) ~[?:1.8.0_192]
	at java.lang.Class.getConstructor(Class.java:1825) ~[?:1.8.0_192]
	at net.minecraftforge.fml.common.eventhandler.EventBus.register(EventBus.java:128) [forgeSrc-1.12.2-14.23.5.2768.jar:?]
	at net.minecraftforge.fml.common.eventhandler.EventBus.register(EventBus.java:112) [forgeSrc-1.12.2-14.23.5.2768.jar:?]
	at nl.sandersimon.clonedetection.CloneDetection.init(CloneDetection.java:69) [bin/:?]
	at EditorTest2.test(EditorTest2.java:16) [bin/:?]
	at sun.reflect.NativeMethodAccessorImpl.invoke0(Native Method) ~[?:1.8.0_192]
	at sun.reflect.NativeMethodAccessorImpl.invoke(NativeMethodAccessorImpl.java:62) ~[?:1.8.0_192]
	at sun.reflect.DelegatingMethodAccessorImpl.invoke(DelegatingMethodAccessorImpl.java:43) ~[?:1.8.0_192]
	at java.lang.reflect.Method.invoke(Method.java:498) ~[?:1.8.0_192]
	at org.junit.runners.model.FrameworkMethod$1.runReflectiveCall(FrameworkMethod.java:50) [rascal-0.11.0.jar:?]
	at org.junit.internal.runners.model.ReflectiveCallable.run(ReflectiveCallable.java:12) [rascal-0.11.0.jar:?]
	at org.junit.runners.model.FrameworkMethod.invokeExplosively(FrameworkMethod.java:47) [rascal-0.11.0.jar:?]
	at org.junit.internal.runners.statements.InvokeMethod.evaluate(InvokeMethod.java:17) [rascal-0.11.0.jar:?]
	at org.junit.runners.ParentRunner.runLeaf(ParentRunner.java:325) [rascal-0.11.0.jar:?]
	at org.junit.runners.BlockJUnit4ClassRunner.runChild(BlockJUnit4ClassRunner.java:78) [rascal-0.11.0.jar:?]
	at org.junit.runners.BlockJUnit4ClassRunner.runChild(BlockJUnit4ClassRunner.java:57) [rascal-0.11.0.jar:?]
	at org.junit.runners.ParentRunner$3.run(ParentRunner.java:290) [rascal-0.11.0.jar:?]
	at org.junit.runners.ParentRunner$1.schedule(ParentRunner.java:71) [rascal-0.11.0.jar:?]
	at org.junit.runners.ParentRunner.runChildren(ParentRunner.java:288) [rascal-0.11.0.jar:?]
	at org.junit.runners.ParentRunner.access$000(ParentRunner.java:58) [rascal-0.11.0.jar:?]
	at org.junit.runners.ParentRunner$2.evaluate(ParentRunner.java:268) [rascal-0.11.0.jar:?]
	at org.junit.runners.ParentRunner.run(ParentRunner.java:363) [rascal-0.11.0.jar:?]
	at org.eclipse.jdt.internal.junit4.runner.JUnit4TestReference.run(JUnit4TestReference.java:89) [.cp/:?]
	at org.eclipse.jdt.internal.junit.runner.TestExecution.run(TestExecution.java:41) [.cp/:?]
	at org.eclipse.jdt.internal.junit.runner.RemoteTestRunner.runTests(RemoteTestRunner.java:541) [.cp/:?]
	at org.eclipse.jdt.internal.junit.runner.RemoteTestRunner.runTests(RemoteTestRunner.java:763) [.cp/:?]
	at org.eclipse.jdt.internal.junit.runner.RemoteTestRunner.run(RemoteTestRunner.java:463) [.cp/:?]
	at org.eclipse.jdt.internal.junit.runner.RemoteTestRunner.main(RemoteTestRunner.java:209) [.cp/:?]
[09:37:25] [main/ERROR] [FML]: Error registering event handler: minecraft class net.minecraftforge.fml.common.gameevent.TickEvent$ServerTickEvent public void nl.sandersimon.clonedetection.minecraft.EventHandler.update(net.minecraftforge.fml.common.gameevent.TickEvent$ServerTickEvent)
java.lang.NoSuchMethodException: net.minecraftforge.fml.common.gameevent.TickEvent$ServerTickEvent.<init>()
	at java.lang.Class.getConstructor0(Class.java:3082) ~[?:1.8.0_192]
	at java.lang.Class.getConstructor(Class.java:1825) ~[?:1.8.0_192]
	at net.minecraftforge.fml.common.eventhandler.EventBus.register(EventBus.java:128) [forgeSrc-1.12.2-14.23.5.2768.jar:?]
	at net.minecraftforge.fml.common.eventhandler.EventBus.register(EventBus.java:112) [forgeSrc-1.12.2-14.23.5.2768.jar:?]
	at nl.sandersimon.clonedetection.CloneDetection.init(CloneDetection.java:69) [bin/:?]
	at EditorTest2.test(EditorTest2.java:16) [bin/:?]
	at sun.reflect.NativeMethodAccessorImpl.invoke0(Native Method) ~[?:1.8.0_192]
	at sun.reflect.NativeMethodAccessorImpl.invoke(NativeMethodAccessorImpl.java:62) ~[?:1.8.0_192]
	at sun.reflect.DelegatingMethodAccessorImpl.invoke(DelegatingMethodAccessorImpl.java:43) ~[?:1.8.0_192]
	at java.lang.reflect.Method.invoke(Method.java:498) ~[?:1.8.0_192]
	at org.junit.runners.model.FrameworkMethod$1.runReflectiveCall(FrameworkMethod.java:50) [rascal-0.11.0.jar:?]
	at org.junit.internal.runners.model.ReflectiveCallable.run(ReflectiveCallable.java:12) [rascal-0.11.0.jar:?]
	at org.junit.runners.model.FrameworkMethod.invokeExplosively(FrameworkMethod.java:47) [rascal-0.11.0.jar:?]
	at org.junit.internal.runners.statements.InvokeMethod.evaluate(InvokeMethod.java:17) [rascal-0.11.0.jar:?]
	at org.junit.runners.ParentRunner.runLeaf(ParentRunner.java:325) [rascal-0.11.0.jar:?]
	at org.junit.runners.BlockJUnit4ClassRunner.runChild(BlockJUnit4ClassRunner.java:78) [rascal-0.11.0.jar:?]
	at org.junit.runners.BlockJUnit4ClassRunner.runChild(BlockJUnit4ClassRunner.java:57) [rascal-0.11.0.jar:?]
	at org.junit.runners.ParentRunner$3.run(ParentRunner.java:290) [rascal-0.11.0.jar:?]
	at org.junit.runners.ParentRunner$1.schedule(ParentRunner.java:71) [rascal-0.11.0.jar:?]
	at org.junit.runners.ParentRunner.runChildren(ParentRunner.java:288) [rascal-0.11.0.jar:?]
	at org.junit.runners.ParentRunner.access$000(ParentRunner.java:58) [rascal-0.11.0.jar:?]
	at org.junit.runners.ParentRunner$2.evaluate(ParentRunner.java:268) [rascal-0.11.0.jar:?]
	at org.junit.runners.ParentRunner.run(ParentRunner.java:363) [rascal-0.11.0.jar:?]
	at org.eclipse.jdt.internal.junit4.runner.JUnit4TestReference.run(JUnit4TestReference.java:89) [.cp/:?]
	at org.eclipse.jdt.internal.junit.runner.TestExecution.run(TestExecution.java:41) [.cp/:?]
	at org.eclipse.jdt.internal.junit.runner.RemoteTestRunner.runTests(RemoteTestRunner.java:541) [.cp/:?]
	at org.eclipse.jdt.internal.junit.runner.RemoteTestRunner.runTests(RemoteTestRunner.java:763) [.cp/:?]
	at org.eclipse.jdt.internal.junit.runner.RemoteTestRunner.run(RemoteTestRunner.java:463) [.cp/:?]
	at org.eclipse.jdt.internal.junit.runner.RemoteTestRunner.main(RemoteTestRunner.java:209) [.cp/:?]
[09:37:25] [main/ERROR] [FML]: Unable to determine registrant mod for nl.sandersimon.clonedetection.minecraft.ForgeEventHandler@6cd28fa7. This is a critical error and should be impossible
java.lang.Throwable: null
	at net.minecraftforge.fml.common.eventhandler.EventBus.register(EventBus.java:75) [forgeSrc-1.12.2-14.23.5.2768.jar:?]
	at nl.sandersimon.clonedetection.CloneDetection.init(CloneDetection.java:70) [bin/:?]
	at EditorTest2.test(EditorTest2.java:16) [bin/:?]
	at sun.reflect.NativeMethodAccessorImpl.invoke0(Native Method) ~[?:1.8.0_192]
	at sun.reflect.NativeMethodAccessorImpl.invoke(NativeMethodAccessorImpl.java:62) ~[?:1.8.0_192]
	at sun.reflect.DelegatingMethodAccessorImpl.invoke(DelegatingMethodAccessorImpl.java:43) ~[?:1.8.0_192]
	at java.lang.reflect.Method.invoke(Method.java:498) ~[?:1.8.0_192]
	at org.junit.runners.model.FrameworkMethod$1.runReflectiveCall(FrameworkMethod.java:50) [rascal-0.11.0.jar:?]
	at org.junit.internal.runners.model.ReflectiveCallable.run(ReflectiveCallable.java:12) [rascal-0.11.0.jar:?]
	at org.junit.runners.model.FrameworkMethod.invokeExplosively(FrameworkMethod.java:47) [rascal-0.11.0.jar:?]
	at org.junit.internal.runners.statements.InvokeMethod.evaluate(InvokeMethod.java:17) [rascal-0.11.0.jar:?]
	at org.junit.runners.ParentRunner.runLeaf(ParentRunner.java:325) [rascal-0.11.0.jar:?]
	at org.junit.runners.BlockJUnit4ClassRunner.runChild(BlockJUnit4ClassRunner.java:78) [rascal-0.11.0.jar:?]
	at org.junit.runners.BlockJUnit4ClassRunner.runChild(BlockJUnit4ClassRunner.java:57) [rascal-0.11.0.jar:?]
	at org.junit.runners.ParentRunner$3.run(ParentRunner.java:290) [rascal-0.11.0.jar:?]
	at org.junit.runners.ParentRunner$1.schedule(ParentRunner.java:71) [rascal-0.11.0.jar:?]
	at org.junit.runners.ParentRunner.runChildren(ParentRunner.java:288) [rascal-0.11.0.jar:?]
	at org.junit.runners.ParentRunner.access$000(ParentRunner.java:58) [rascal-0.11.0.jar:?]
	at org.junit.runners.ParentRunner$2.evaluate(ParentRunner.java:268) [rascal-0.11.0.jar:?]
	at org.junit.runners.ParentRunner.run(ParentRunner.java:363) [rascal-0.11.0.jar:?]
	at org.eclipse.jdt.internal.junit4.runner.JUnit4TestReference.run(JUnit4TestReference.java:89) [.cp/:?]
	at org.eclipse.jdt.internal.junit.runner.TestExecution.run(TestExecution.java:41) [.cp/:?]
	at org.eclipse.jdt.internal.junit.runner.RemoteTestRunner.runTests(RemoteTestRunner.java:541) [.cp/:?]
	at org.eclipse.jdt.internal.junit.runner.RemoteTestRunner.runTests(RemoteTestRunner.java:763) [.cp/:?]
	at org.eclipse.jdt.internal.junit.runner.RemoteTestRunner.run(RemoteTestRunner.java:463) [.cp/:?]
	at org.eclipse.jdt.internal.junit.runner.RemoteTestRunner.main(RemoteTestRunner.java:209) [.cp/:?]
[09:37:25] [main/ERROR] [FML]: Error registering event handler: minecraft class net.minecraftforge.event.world.WorldEvent$Load public void nl.sandersimon.clonedetection.minecraft.ForgeEventHandler.livingSpawnEvent(net.minecraftforge.event.world.WorldEvent$Load)
java.lang.NoSuchMethodException: net.minecraftforge.event.world.WorldEvent$Load.<init>()
	at java.lang.Class.getConstructor0(Class.java:3082) ~[?:1.8.0_192]
	at java.lang.Class.getConstructor(Class.java:1825) ~[?:1.8.0_192]
	at net.minecraftforge.fml.common.eventhandler.EventBus.register(EventBus.java:128) [forgeSrc-1.12.2-14.23.5.2768.jar:?]
	at net.minecraftforge.fml.common.eventhandler.EventBus.register(EventBus.java:112) [forgeSrc-1.12.2-14.23.5.2768.jar:?]
	at nl.sandersimon.clonedetection.CloneDetection.init(CloneDetection.java:70) [bin/:?]
	at EditorTest2.test(EditorTest2.java:16) [bin/:?]
	at sun.reflect.NativeMethodAccessorImpl.invoke0(Native Method) ~[?:1.8.0_192]
	at sun.reflect.NativeMethodAccessorImpl.invoke(NativeMethodAccessorImpl.java:62) ~[?:1.8.0_192]
	at sun.reflect.DelegatingMethodAccessorImpl.invoke(DelegatingMethodAccessorImpl.java:43) ~[?:1.8.0_192]
	at java.lang.reflect.Method.invoke(Method.java:498) ~[?:1.8.0_192]
	at org.junit.runners.model.FrameworkMethod$1.runReflectiveCall(FrameworkMethod.java:50) [rascal-0.11.0.jar:?]
	at org.junit.internal.runners.model.ReflectiveCallable.run(ReflectiveCallable.java:12) [rascal-0.11.0.jar:?]
	at org.junit.runners.model.FrameworkMethod.invokeExplosively(FrameworkMethod.java:47) [rascal-0.11.0.jar:?]
	at org.junit.internal.runners.statements.InvokeMethod.evaluate(InvokeMethod.java:17) [rascal-0.11.0.jar:?]
	at org.junit.runners.ParentRunner.runLeaf(ParentRunner.java:325) [rascal-0.11.0.jar:?]
	at org.junit.runners.BlockJUnit4ClassRunner.runChild(BlockJUnit4ClassRunner.java:78) [rascal-0.11.0.jar:?]
	at org.junit.runners.BlockJUnit4ClassRunner.runChild(BlockJUnit4ClassRunner.java:57) [rascal-0.11.0.jar:?]
	at org.junit.runners.ParentRunner$3.run(ParentRunner.java:290) [rascal-0.11.0.jar:?]
	at org.junit.runners.ParentRunner$1.schedule(ParentRunner.java:71) [rascal-0.11.0.jar:?]
	at org.junit.runners.ParentRunner.runChildren(ParentRunner.java:288) [rascal-0.11.0.jar:?]
	at org.junit.runners.ParentRunner.access$000(ParentRunner.java:58) [rascal-0.11.0.jar:?]
	at org.junit.runners.ParentRunner$2.evaluate(ParentRunner.java:268) [rascal-0.11.0.jar:?]
	at org.junit.runners.ParentRunner.run(ParentRunner.java:363) [rascal-0.11.0.jar:?]
	at org.eclipse.jdt.internal.junit4.runner.JUnit4TestReference.run(JUnit4TestReference.java:89) [.cp/:?]
	at org.eclipse.jdt.internal.junit.runner.TestExecution.run(TestExecution.java:41) [.cp/:?]
	at org.eclipse.jdt.internal.junit.runner.RemoteTestRunner.runTests(RemoteTestRunner.java:541) [.cp/:?]
	at org.eclipse.jdt.internal.junit.runner.RemoteTestRunner.runTests(RemoteTestRunner.java:763) [.cp/:?]
	at org.eclipse.jdt.internal.junit.runner.RemoteTestRunner.run(RemoteTestRunner.java:463) [.cp/:?]
	at org.eclipse.jdt.internal.junit.runner.RemoteTestRunner.main(RemoteTestRunner.java:209) [.cp/:?]
[09:37:25] [main/ERROR] [FML]: Error registering event handler: minecraft class net.minecraftforge.event.ServerChatEvent public void nl.sandersimon.clonedetection.minecraft.ForgeEventHandler.playerChat(net.minecraftforge.event.ServerChatEvent)
java.lang.NoSuchMethodException: net.minecraftforge.event.ServerChatEvent.<init>()
	at java.lang.Class.getConstructor0(Class.java:3082) ~[?:1.8.0_192]
	at java.lang.Class.getConstructor(Class.java:1825) ~[?:1.8.0_192]
	at net.minecraftforge.fml.common.eventhandler.EventBus.register(EventBus.java:128) [forgeSrc-1.12.2-14.23.5.2768.jar:?]
	at net.minecraftforge.fml.common.eventhandler.EventBus.register(EventBus.java:112) [forgeSrc-1.12.2-14.23.5.2768.jar:?]
	at nl.sandersimon.clonedetection.CloneDetection.init(CloneDetection.java:70) [bin/:?]
	at EditorTest2.test(EditorTest2.java:16) [bin/:?]
	at sun.reflect.NativeMethodAccessorImpl.invoke0(Native Method) ~[?:1.8.0_192]
	at sun.reflect.NativeMethodAccessorImpl.invoke(NativeMethodAccessorImpl.java:62) ~[?:1.8.0_192]
	at sun.reflect.DelegatingMethodAccessorImpl.invoke(DelegatingMethodAccessorImpl.java:43) ~[?:1.8.0_192]
	at java.lang.reflect.Method.invoke(Method.java:498) ~[?:1.8.0_192]
	at org.junit.runners.model.FrameworkMethod$1.runReflectiveCall(FrameworkMethod.java:50) [rascal-0.11.0.jar:?]
	at org.junit.internal.runners.model.ReflectiveCallable.run(ReflectiveCallable.java:12) [rascal-0.11.0.jar:?]
	at org.junit.runners.model.FrameworkMethod.invokeExplosively(FrameworkMethod.java:47) [rascal-0.11.0.jar:?]
	at org.junit.internal.runners.statements.InvokeMethod.evaluate(InvokeMethod.java:17) [rascal-0.11.0.jar:?]
	at org.junit.runners.ParentRunner.runLeaf(ParentRunner.java:325) [rascal-0.11.0.jar:?]
	at org.junit.runners.BlockJUnit4ClassRunner.runChild(BlockJUnit4ClassRunner.java:78) [rascal-0.11.0.jar:?]
	at org.junit.runners.BlockJUnit4ClassRunner.runChild(BlockJUnit4ClassRunner.java:57) [rascal-0.11.0.jar:?]
	at org.junit.runners.ParentRunner$3.run(ParentRunner.java:290) [rascal-0.11.0.jar:?]
	at org.junit.runners.ParentRunner$1.schedule(ParentRunner.java:71) [rascal-0.11.0.jar:?]
	at org.junit.runners.ParentRunner.runChildren(ParentRunner.java:288) [rascal-0.11.0.jar:?]
	at org.junit.runners.ParentRunner.access$000(ParentRunner.java:58) [rascal-0.11.0.jar:?]
	at org.junit.runners.ParentRunner$2.evaluate(ParentRunner.java:268) [rascal-0.11.0.jar:?]
	at org.junit.runners.ParentRunner.run(ParentRunner.java:363) [rascal-0.11.0.jar:?]
	at org.eclipse.jdt.internal.junit4.runner.JUnit4TestReference.run(JUnit4TestReference.java:89) [.cp/:?]
	at org.eclipse.jdt.internal.junit.runner.TestExecution.run(TestExecution.java:41) [.cp/:?]
	at org.eclipse.jdt.internal.junit.runner.RemoteTestRunner.runTests(RemoteTestRunner.java:541) [.cp/:?]
	at org.eclipse.jdt.internal.junit.runner.RemoteTestRunner.runTests(RemoteTestRunner.java:763) [.cp/:?]
	at org.eclipse.jdt.internal.junit.runner.RemoteTestRunner.run(RemoteTestRunner.java:463) [.cp/:?]
	at org.eclipse.jdt.internal.junit.runner.RemoteTestRunner.main(RemoteTestRunner.java:209) [.cp/:?]
